Added Component: Designator=C1(1206_Passive_Capacitor)
Add component (AddParameter): Name = "Datasheet"; Value = "https://datasheet.lcsc.com/lcsc/1810221112_Samsung-Electro-Mechanics-CL31A106KBHNNNE_C13585.pdf"; VariantName = "[No Variations]"
Add component (AddParameter): Name = "LCSC Part#"; Value = "C13585"; VariantName = "[No Variations]"
Add component (AddParameter): Name = "MFR Part #"; Value = "CL31A106KBHNNNE"; VariantName = "[No Variations]"
Add component (AddParameter): Name = "Type"; Value = "Basic"; VariantName = "[No Variations]"
Add component (AddParameter): Name = "Value"; Value = "10uF"; VariantName = "[No Variations]"
Added Component: Designator=C2(1206_Passive_Capacitor)
Add component (AddParameter): Name = "Datasheet"; Value = "https://datasheet.lcsc.com/lcsc/1810241219_YAGEO-CC1206JKNPOCBN220_C107174.pdf"; VariantName = "[No Variations]"
Add component (AddParameter): Name = "LCSC Part#"; Value = "C107174"; VariantName = "[No Variations]"
Add component (AddParameter): Name = "MFR Part #"; Value = "CC1206JKNPOCBN220"; VariantName = "[No Variations]"
Add component (AddParameter): Name = "Type"; Value = "Extended"; VariantName = "[No Variations]"
Add component (AddParameter): Name = "Value"; Value = "22pF"; VariantName = "[No Variations]"
Added Component: Designator=C3(1206_Passive_Capacitor)
Add component (AddParameter): Name = "Datasheet"; Value = "https://datasheet.lcsc.com/lcsc/1810241219_YAGEO-CC1206JKNPOCBN220_C107174.pdf"; VariantName = "[No Variations]"
Add component (AddParameter): Name = "LCSC Part#"; Value = "C107174"; VariantName = "[No Variations]"
Add component (AddParameter): Name = "MFR Part #"; Value = "CC1206JKNPOCBN220"; VariantName = "[No Variations]"
Add component (AddParameter): Name = "Type"; Value = "Extended"; VariantName = "[No Variations]"
Add component (AddParameter): Name = "Value"; Value = "22pF"; VariantName = "[No Variations]"
Added Component: Designator=C4(1206_Passive_Capacitor)
Add component (AddParameter): Name = "Datasheet"; Value = "https://datasheet.lcsc.com/lcsc/1810241219_YAGEO-CC1206JKNPOCBN220_C107174.pdf"; VariantName = "[No Variations]"
Add component (AddParameter): Name = "LCSC Part#"; Value = "C107174"; VariantName = "[No Variations]"
Add component (AddParameter): Name = "MFR Part #"; Value = "CC1206JKNPOCBN220"; VariantName = "[No Variations]"
Add component (AddParameter): Name = "Type"; Value = "Extended"; VariantName = "[No Variations]"
Add component (AddParameter): Name = "Value"; Value = "22pF"; VariantName = "[No Variations]"
Added Component: Designator=C5(1206_Passive_Capacitor)
Add component (AddParameter): Name = "Datasheet"; Value = "https://datasheet.lcsc.com/lcsc/1810241219_YAGEO-CC1206JKNPOCBN220_C107174.pdf"; VariantName = "[No Variations]"
Add component (AddParameter): Name = "LCSC Part#"; Value = "C107174"; VariantName = "[No Variations]"
Add component (AddParameter): Name = "MFR Part #"; Value = "CC1206JKNPOCBN220"; VariantName = "[No Variations]"
Add component (AddParameter): Name = "Type"; Value = "Extended"; VariantName = "[No Variations]"
Add component (AddParameter): Name = "Value"; Value = "22pF"; VariantName = "[No Variations]"
Added Component: Designator=C6(1206_Passive_Capacitor)
Add component (AddParameter): Name = "Datasheet"; Value = "https://datasheet.lcsc.com/lcsc/1810221112_Samsung-Electro-Mechanics-CL31A106KBHNNNE_C13585.pdf"; VariantName = "[No Variations]"
Add component (AddParameter): Name = "LCSC Part#"; Value = "C13585"; VariantName = "[No Variations]"
Add component (AddParameter): Name = "MFR Part #"; Value = "CL31A106KBHNNNE"; VariantName = "[No Variations]"
Add component (AddParameter): Name = "Type"; Value = "Basic"; VariantName = "[No Variations]"
Add component (AddParameter): Name = "Value"; Value = "10uF"; VariantName = "[No Variations]"
Added Component: Designator=C7(1206_Passive_Capacitor)
Add component (AddParameter): Name = "Datasheet"; Value = "https://datasheet.lcsc.com/lcsc/1811031514_Samsung-Electro-Mechanics-CL31A226KAHNNNE_C12891.pdf"; VariantName = "[No Variations]"
Add component (AddParameter): Name = "LCSC Part#"; Value = "C12891"; VariantName = "[No Variations]"
Add component (AddParameter): Name = "MFR Part #"; Value = "CL31A226KAHNNNE"; VariantName = "[No Variations]"
Add component (AddParameter): Name = "Type"; Value = "basic"; VariantName = "[No Variations]"
Add component (AddParameter): Name = "Value"; Value = "22uF"; VariantName = "[No Variations]"
Added Component: Designator=C8(1206_Passive_Capacitor)
Add component (AddParameter): Name = "Datasheet"; Value = "https://datasheet.lcsc.com/lcsc/1810221112_Samsung-Electro-Mechanics-CL31A106KBHNNNE_C13585.pdf"; VariantName = "[No Variations]"
Add component (AddParameter): Name = "LCSC Part#"; Value = "C13585"; VariantName = "[No Variations]"
Add component (AddParameter): Name = "MFR Part #"; Value = "CL31A106KBHNNNE"; VariantName = "[No Variations]"
Add component (AddParameter): Name = "Type"; Value = "Basic"; VariantName = "[No Variations]"
Add component (AddParameter): Name = "Value"; Value = "10uF"; VariantName = "[No Variations]"
Added Component: Designator=C9(1206_Passive_Capacitor)
Add component (AddParameter): Name = "Datasheet"; Value = "https://datasheet.lcsc.com/lcsc/1810221112_Samsung-Electro-Mechanics-CL31A106KBHNNNE_C13585.pdf"; VariantName = "[No Variations]"
Add component (AddParameter): Name = "LCSC Part#"; Value = "C13585"; VariantName = "[No Variations]"
Add component (AddParameter): Name = "MFR Part #"; Value = "CL31A106KBHNNNE"; VariantName = "[No Variations]"
Add component (AddParameter): Name = "Type"; Value = "Basic"; VariantName = "[No Variations]"
Add component (AddParameter): Name = "Value"; Value = "10uF"; VariantName = "[No Variations]"
Added Component: Designator=C10(1206_Passive_Capacitor)
Add component (AddParameter): Name = "Digikey Link"; Value = "https://www.digikey.com/product-detail/en/C1206C105M4RACTU/399-8150-1-ND/3471873/?itemSeq=304982366"; VariantName = "[No Variations]"
Add component (AddParameter): Name = "LCSC Part#"; Value = "C1848"; VariantName = "[No Variations]"
Add component (AddParameter): Name = "MFR Part #"; Value = "CL31B105KBHNNNE"; VariantName = "[No Variations]"
Add component (AddParameter): Name = "Type"; Value = "Basic"; VariantName = "[No Variations]"
Add component (AddParameter): Name = "Value"; Value = "1uF"; VariantName = "[No Variations]"
Added Component: Designator=C11(1206_Passive_Capacitor)
Add component (AddParameter): Name = "Datasheet"; Value = "https://datasheet.lcsc.com/lcsc/1811031514_Samsung-Electro-Mechanics-CL31A226KAHNNNE_C12891.pdf"; VariantName = "[No Variations]"
Add component (AddParameter): Name = "LCSC Part#"; Value = "C12891"; VariantName = "[No Variations]"
Add component (AddParameter): Name = "MFR Part #"; Value = "CL31A226KAHNNNE"; VariantName = "[No Variations]"
Add component (AddParameter): Name = "Type"; Value = "basic"; VariantName = "[No Variations]"
Add component (AddParameter): Name = "Value"; Value = "22uF"; VariantName = "[No Variations]"
Added Component: Designator=C12(1206_Passive_Capacitor)
Add component (AddParameter): Name = "Datasheet"; Value = "https://datasheet.lcsc.com/lcsc/1811031514_Samsung-Electro-Mechanics-CL31A226KAHNNNE_C12891.pdf"; VariantName = "[No Variations]"
Add component (AddParameter): Name = "LCSC Part#"; Value = "C12891"; VariantName = "[No Variations]"
Add component (AddParameter): Name = "MFR Part #"; Value = "CL31A226KAHNNNE"; VariantName = "[No Variations]"
Add component (AddParameter): Name = "Type"; Value = "basic"; VariantName = "[No Variations]"
Add component (AddParameter): Name = "Value"; Value = "22uF"; VariantName = "[No Variations]"
Added Component: Designator=C13(1206_Passive_Capacitor)
Add component (AddParameter): Name = "Digikey Link"; Value = "https://www.digikey.com/product-detail/en/C1206C105M4RACTU/399-8150-1-ND/3471873/?itemSeq=304982366"; VariantName = "[No Variations]"
Add component (AddParameter): Name = "LCSC Part#"; Value = "C1848"; VariantName = "[No Variations]"
Add component (AddParameter): Name = "MFR Part #"; Value = "CL31B105KBHNNNE"; VariantName = "[No Variations]"
Add component (AddParameter): Name = "Type"; Value = "Basic"; VariantName = "[No Variations]"
Add component (AddParameter): Name = "Value"; Value = "1uF"; VariantName = "[No Variations]"
Added Component: Designator=CS(1206_Passive_Capacitor)
Add component (AddParameter): Name = "Datasheet"; Value = "https://datasheet.lcsc.com/lcsc/1810221112_Samsung-Electro-Mechanics-CL31A106KBHNNNE_C13585.pdf"; VariantName = "[No Variations]"
Add component (AddParameter): Name = "LCSC Part#"; Value = "C13585"; VariantName = "[No Variations]"
Add component (AddParameter): Name = "MFR Part #"; Value = "CL31A106KBHNNNE"; VariantName = "[No Variations]"
Add component (AddParameter): Name = "Type"; Value = "Basic"; VariantName = "[No Variations]"
Add component (AddParameter): Name = "Value"; Value = "10uF"; VariantName = "[No Variations]"
Added Component: Designator=D1(TVS)
Add component (AddParameter): Name = "Datasheet"; Value = "https://datasheet.lcsc.com/szlcsc/ProTek-Devices-SRV05-4-P-T7_C85364.pdf"; VariantName = "[No Variations]"
Add component (AddParameter): Name = "LCSC Part#"; Value = "C85364"; VariantName = "[No Variations]"
Add component (AddParameter): Name = "MFR Part #"; Value = "SRV05-4-P-T7"; VariantName = "[No Variations]"
Add component (AddParameter): Name = "Type"; Value = "Basic"; VariantName = "[No Variations]"
Add component (AddParameter): Name = "Value"; Value = "TVS DIODE 5.5V 6TSOP"; VariantName = "[No Variations]"
Added Component: Designator=DRX(LED_1206)
Add component (AddParameter): Name = "Datasheet"; Value = "https://datasheet.lcsc.com/szlcsc/1811151241_Everlight-Elec-15-21-R6C-FQ1R1B-2T_C93133.pdf"; VariantName = "[No Variations]"
Add component (AddParameter): Name = "LCSC Part#"; Value = "C93133"; VariantName = "[No Variations]"
Add component (AddParameter): Name = "MFR Part #"; Value = "15-21/R6C-FQ1R1B/2T"; VariantName = "[No Variations]"
Add component (AddParameter): Name = "Type"; Value = "Extended"; VariantName = "[No Variations]"
Add component (AddParameter): Name = "Value"; Value = "Red"; VariantName = "[No Variations]"
Added Component: Designator=DS(LED_1206)
Add component (AddParameter): Name = "Datasheet"; Value = "https://datasheet.lcsc.com/szlcsc/1811151241_Everlight-Elec-15-21-R6C-FQ1R1B-2T_C93133.pdf"; VariantName = "[No Variations]"
Add component (AddParameter): Name = "LCSC Part#"; Value = "C93133"; VariantName = "[No Variations]"
Add component (AddParameter): Name = "MFR Part #"; Value = "15-21/R6C-FQ1R1B/2T"; VariantName = "[No Variations]"
Add component (AddParameter): Name = "Type"; Value = "Extended"; VariantName = "[No Variations]"
Add component (AddParameter): Name = "Value"; Value = "Red"; VariantName = "[No Variations]"
Added Component: Designator=DTX(LED_1206)
Add component (AddParameter): Name = "Datasheet"; Value = "https://datasheet.lcsc.com/szlcsc/1811151241_Everlight-Elec-15-21-R6C-FQ1R1B-2T_C93133.pdf"; VariantName = "[No Variations]"
Add component (AddParameter): Name = "LCSC Part#"; Value = "C93133"; VariantName = "[No Variations]"
Add component (AddParameter): Name = "MFR Part #"; Value = "15-21/R6C-FQ1R1B/2T"; VariantName = "[No Variations]"
Add component (AddParameter): Name = "Type"; Value = "Extended"; VariantName = "[No Variations]"
Add component (AddParameter): Name = "Value"; Value = "Red"; VariantName = "[No Variations]"
Added Component: Designator=J1(AMPHENOL_10118194-0001LF)
Add component (AddParameter): Name = "DataSheet"; Value = "https://www.amphenol-cs.com/media/wysiwyg/files/drawing/10118194.pdf"; VariantName = "[No Variations]"
Add component (AddParameter): Name = "Digikey link"; Value = "https://www.digikey.com/en/products/detail/amphenol-cs-fci/10118194-0001LF/2785389?s=N4IgTCBcDaIAQEYAMCEA4EE4AsBaJBCAMgGJwgC6AvkA"; VariantName = "[No Variations]"
Add component (AddParameter): Name = "LCSC Part#"; Value = "C132563"; VariantName = "[No Variations]"
Add component (AddParameter): Name = "MFR"; Value = "Amphenol ICC"; VariantName = "[No Variations]"
Add component (AddParameter): Name = "MFR Part #"; Value = "10118194-0001LF"; VariantName = "[No Variations]"
Add component (AddParameter): Name = "Type"; Value = "Extended"; VariantName = "[No Variations]"
Added Component: Designator=JA-I(6_PIN_ARD-Analog_100mil)
Add component (AddParameter): Name = "Digikey Link"; Value = "https://www.digikey.com/product-detail/en/PPTC061LFBN-RC/S7004-ND/810145/?itemSeq=304982353"; VariantName = "[No Variations]"
Add component (AddParameter): Name = "LCSC Part#"; Value = "C40877"; VariantName = "[No Variations]"
Add component (AddParameter): Name = "MFR Part #"; Value = "PPTC061LFBN-RC"; VariantName = "[No Variations]"
Add component (AddParameter): Name = "Type"; Value = "Extended"; VariantName = "[No Variations]"
Add component (AddParameter): Name = "Value"; Value = "Female"; VariantName = "[No Variations]"
Added Component: Designator=JD-O1(8_PIN_ARD-DIG_100MIL)
Add component (AddParameter): Name = "Digikey Link"; Value = "https://www.digikey.com/product-detail/en/PPTC081LFBN-RC/S7006-ND/810147/?itemSeq=304982354"; VariantName = "[No Variations]"
Add component (AddParameter): Name = "LCSC Part#"; Value = "C27438"; VariantName = "[No Variations]"
Add component (AddParameter): Name = "MFR Part #"; Value = "PPTC081LFBN-RC"; VariantName = "[No Variations]"
Add component (AddParameter): Name = "Type"; Value = "Extended"; VariantName = "[No Variations]"
Add component (AddParameter): Name = "Value"; Value = "Female"; VariantName = "[No Variations]"
Added Component: Designator=JD-O2(10_PIN_ARDUINO_100MIL)
Add component (AddParameter): Name = "Digikey Link"; Value = "https://www.digikey.com/product-detail/en/PPTC101LFBN-RC/S7008-ND/810149/?itemSeq=304982352"; VariantName = "[No Variations]"
Add component (AddParameter): Name = "LCSC Part#"; Value = "C225507"; VariantName = "[No Variations]"
Add component (AddParameter): Name = "MFR Part #"; Value = "PPTC101LFBN-RC"; VariantName = "[No Variations]"
Add component (AddParameter): Name = "Type"; Value = "Extended"; VariantName = "[No Variations]"
Add component (AddParameter): Name = "Value"; Value = "Female"; VariantName = "[No Variations]"
Added Component: Designator=JGND1(10_PIN_100MIL - Female)
Add component (AddParameter): Name = "Digikey Link"; Value = "https://www.digikey.com/product-detail/en/PPTC101LFBN-RC/S7008-ND/810149/?itemSeq=304982352"; VariantName = "[No Variations]"
Add component (AddParameter): Name = "LCSC Part#"; Value = "C225507"; VariantName = "[No Variations]"
Add component (AddParameter): Name = "MFR Part #"; Value = "PPTC101LFBN-RC"; VariantName = "[No Variations]"
Add component (AddParameter): Name = "Type"; Value = "Extended"; VariantName = "[No Variations]"
Add component (AddParameter): Name = "Value"; Value = "Female"; VariantName = "[No Variations]"
Added Component: Designator=JGND2(6_PIN_ARD-Analog_100mil)
Add component (AddParameter): Name = "Digikey Link"; Value = "https://www.digikey.com/product-detail/en/PPTC061LFBN-RC/S7004-ND/810145/?itemSeq=304982353"; VariantName = "[No Variations]"
Add component (AddParameter): Name = "LCSC Part#"; Value = "C40877"; VariantName = "[No Variations]"
Add component (AddParameter): Name = "MFR Part #"; Value = "PPTC061LFBN-RC"; VariantName = "[No Variations]"
Add component (AddParameter): Name = "Type"; Value = "Extended"; VariantName = "[No Variations]"
Add component (AddParameter): Name = "Value"; Value = "Female"; VariantName = "[No Variations]"
Added Component: Designator=JPWR(8_PIN_ARD-PWR_100MIL)
Add component (AddParameter): Name = "Digikey Link"; Value = "https://www.digikey.com/product-detail/en/PPTC081LFBN-RC/S7006-ND/810147/?itemSeq=304982354"; VariantName = "[No Variations]"
Add component (AddParameter): Name = "LCSC Part#"; Value = "C27438"; VariantName = "[No Variations]"
Add component (AddParameter): Name = "MFR Part #"; Value = "PPTC081LFBN-RC"; VariantName = "[No Variations]"
Add component (AddParameter): Name = "Type"; Value = "Extended"; VariantName = "[No Variations]"
Add component (AddParameter): Name = "Value"; Value = "Female"; VariantName = "[No Variations]"
Added Component: Designator=JSPI(6_PIN_100MIL-Male)
Add component (AddParameter): Name = "Datasheet"; Value = "https://datasheet.lcsc.com/szlcsc/1810312320_BOOMELE-Boom-Precision-Elec-C37208_C37208.pdf"; VariantName = "[No Variations]"
Add component (AddParameter): Name = "LCSC Part#"; Value = "C37208"; VariantName = "[No Variations]"
Add component (AddParameter): Name = "Type"; Value = "Extended"; VariantName = "[No Variations]"
Add component (AddParameter): Name = "Value"; Value = "MALE"; VariantName = "[No Variations]"
Added Component: Designator=L1(AIML-1206_ABR-M)
Add component (AddParameter): Name = "DataSheet"; Value = "https://datasheet.lcsc.com/lcsc/1810311314_FH--Guangdong-Fenghua-Advanced-Tech-CMI321609X100KT_C1051.pdf"; VariantName = "[No Variations]"
Add component (AddParameter): Name = "LCSC PART#"; Value = "C1051"; VariantName = "[No Variations]"
Add component (AddParameter): Name = "MFR PART #"; Value = "CMI321609X100KT"; VariantName = "[No Variations]"
Add component (AddParameter): Name = "Mfr_Name"; Value = "FH (Guangdong Fenghua Advanced Tech)"; VariantName = "[No Variations]"
Add component (AddParameter): Name = "Type"; Value = "Basic"; VariantName = "[No Variations]"
Added Component: Designator=P1(Power_Jack)
Add component (AddParameter): Name = "Digikey Link"; Value = "https://www.digikey.com/product-detail/en/PJ-102A/CP-102A-ND/275425/?itemSeq=304982367"; VariantName = "[No Variations]"
Add component (AddParameter): Name = "LCSC Part#"; Value = "C136744"; VariantName = "[No Variations]"
Add component (AddParameter): Name = "MFR Part #"; Value = "PJ-102A"; VariantName = "[No Variations]"
Add component (AddParameter): Name = "Type"; Value = "Extended"; VariantName = "[No Variations]"
Add component (AddParameter): Name = "Value"; Value = "CONN PWR JACK 2X5.5MM SOLDER"; VariantName = "[No Variations]"
Added Component: Designator=PS1(LDO)
Add component (AddParameter): Name = "LCSC Part#"; Value = "C6186"; VariantName = "[No Variations]"
Add component (AddParameter): Name = "MFR Part #"; Value = "AMS1117-3.3"; VariantName = "[No Variations]"
Add component (AddParameter): Name = "Type"; Value = "Basic"; VariantName = "[No Variations]"
Add component (AddParameter): Name = "Value"; Value = "IC REG LINEAR 3.3V 800MA SOT223"; VariantName = "[No Variations]"
Added Component: Designator=R1(1206_Passive_Resitor)
Add component (AddParameter): Name = "Digikey Link"; Value = "https://www.digikey.com/product-detail/en/RMCF1206JT1M00/RMCF1206JT1M00CT-ND/1942830/?itemSeq=304982358"; VariantName = "[No Variations]"
Add component (AddParameter): Name = "LCSC Part#"; Value = "C17927"; VariantName = "[No Variations]"
Add component (AddParameter): Name = "MFR Part #"; Value = "RMCF1206JT1M00"; VariantName = "[No Variations]"
Add component (AddParameter): Name = "Type"; Value = "Basic"; VariantName = "[No Variations]"
Add component (AddParameter): Name = "Value"; Value = "1M Ohm"; VariantName = "[No Variations]"
Added Component: Designator=R2(1206_Passive_Resitor)
Add component (AddParameter): Name = "Digikey Link"; Value = "https://www.digikey.com/product-detail/en/RMCF1206JT1M00/RMCF1206JT1M00CT-ND/1942830/?itemSeq=304982358"; VariantName = "[No Variations]"
Add component (AddParameter): Name = "LCSC Part#"; Value = "C17927"; VariantName = "[No Variations]"
Add component (AddParameter): Name = "MFR Part #"; Value = "RMCF1206JT1M00"; VariantName = "[No Variations]"
Add component (AddParameter): Name = "Type"; Value = "Basic"; VariantName = "[No Variations]"
Add component (AddParameter): Name = "Value"; Value = "1M Ohm"; VariantName = "[No Variations]"
Added Component: Designator=R3(1206_Passive_Resitor)
Add component (AddParameter): Name = "Digikey Link"; Value = "https://www.digikey.com/en/products/detail/stackpole-electronics-inc/RMCF1206FT10K0/1759669"; VariantName = "[No Variations]"
Add component (AddParameter): Name = "LCSC Part#"; Value = "C17902"; VariantName = "[No Variations]"
Add component (AddParameter): Name = "MFR Part #"; Value = "RMCF1206FT10K0"; VariantName = "[No Variations]"
Add component (AddParameter): Name = "Type"; Value = "Basic"; VariantName = "[No Variations]"
Add component (AddParameter): Name = "Value"; Value = "10KOhm"; VariantName = "[No Variations]"
Added Component: Designator=RRX(1206_Passive_Resitor)
Add component (AddParameter): Name = "Digikey Link"; Value = "https://www.digikey.com/product-detail/en/RNCP1206FTD1K00/RNCP1206FTD1K00CT-ND/2240675/?itemSeq=304982373"; VariantName = "[No Variations]"
Add component (AddParameter): Name = "LCSC Part#"; Value = "C4410"; VariantName = "[No Variations]"
Add component (AddParameter): Name = "MFR Part #"; Value = "RNCP1206FTD1K00CT"; VariantName = "[No Variations]"
Add component (AddParameter): Name = "Type"; Value = "Basic"; VariantName = "[No Variations]"
Add component (AddParameter): Name = "Value"; Value = "1K Ohm"; VariantName = "[No Variations]"
Added Component: Designator=RS(1206_Passive_Resitor)
Add component (AddParameter): Name = "Digikey Link"; Value = "https://www.digikey.com/product-detail/en/RNCP1206FTD1K00/RNCP1206FTD1K00CT-ND/2240675/?itemSeq=304982373"; VariantName = "[No Variations]"
Add component (AddParameter): Name = "LCSC Part#"; Value = "C4410"; VariantName = "[No Variations]"
Add component (AddParameter): Name = "MFR Part #"; Value = "RNCP1206FTD1K00CT"; VariantName = "[No Variations]"
Add component (AddParameter): Name = "Type"; Value = "Basic"; VariantName = "[No Variations]"
Add component (AddParameter): Name = "Value"; Value = "1K Ohm"; VariantName = "[No Variations]"
Added Component: Designator=RTX(1206_Passive_Resitor)
Add component (AddParameter): Name = "Digikey Link"; Value = "https://www.digikey.com/product-detail/en/RNCP1206FTD1K00/RNCP1206FTD1K00CT-ND/2240675/?itemSeq=304982373"; VariantName = "[No Variations]"
Add component (AddParameter): Name = "LCSC Part#"; Value = "C4410"; VariantName = "[No Variations]"
Add component (AddParameter): Name = "MFR Part #"; Value = "RNCP1206FTD1K00CT"; VariantName = "[No Variations]"
Add component (AddParameter): Name = "Type"; Value = "Basic"; VariantName = "[No Variations]"
Add component (AddParameter): Name = "Value"; Value = "1K Ohm"; VariantName = "[No Variations]"
Added Component: Designator=SW328(2Pin-Header-Conn)
Add component (AddParameter): Name = "LCSC Part#"; Value = "C124375"; VariantName = "[No Variations]"
Add component (AddParameter): Name = "Type"; Value = "Extended"; VariantName = "[No Variations]"
Added Component: Designator=SW340(2Pin-Header-Conn)
Add component (AddParameter): Name = "LCSC Part#"; Value = "C124375"; VariantName = "[No Variations]"
Add component (AddParameter): Name = "Type"; Value = "Extended"; VariantName = "[No Variations]"
Added Component: Designator=SWPR(3_PIN_100mil)
Add component (AddParameter): Name = "Digikey Link"; Value = "https://www.digikey.com/product-detail/en/PREC003SAAN-RC/S1012EC-03-ND/2774851/?itemSeq=304982371"; VariantName = "[No Variations]"
Add component (AddParameter): Name = "LCSC Part#"; Value = "C49257"; VariantName = "[No Variations]"
Add component (AddParameter): Name = "MFR Part #"; Value = "PREC003SAAN-RC"; VariantName = "[No Variations]"
Add component (AddParameter): Name = "Type"; Value = "Extended"; VariantName = "[No Variations]"
Add component (AddParameter): Name = "Value"; Value = "CONN HEADER VERT 3POS 2.54MM"; VariantName = "[No Variations]"
Added Component: Designator=SWRST(Switch_JLC)
Add component (AddParameter): Name = "DataSheet"; Value = "https://datasheet.lcsc.com/lcsc/2106081532_Shenzhen-Kinghelm-Elec-KH-4.5X4.5X4.3H-STM_C2837550.pdf"; VariantName = "[No Variations]"
Add component (AddParameter): Name = "LCSC Part#"; Value = "C2837550"; VariantName = "[No Variations]"
Add component (AddParameter): Name = "MFR Part #"; Value = "KH-4.5X4.5X4.3H-STM"; VariantName = "[No Variations]"
Add component (AddParameter): Name = "Type"; Value = "Extended"; VariantName = "[No Variations]"
Added Component: Designator=TP5V(TP10x_Probe)
Added Component: Designator=TPRX(TP10x_Probe)
Added Component: Designator=TPTX(TP10x_Probe)
Added Component: Designator=TPUSB+(TP10x_Probe)
Added Component: Designator=TPUSB-(TP10x_Probe)
Added Component: Designator=U1(USB to serial)
Add component (AddParameter): Name = "Datasheet"; Value = "https://datasheet.lcsc.com/lcsc/2008191806_WCH-Jiangsu-Qin-Heng-CH340G_C14267.pdf"; VariantName = "[No Variations]"
Add component (AddParameter): Name = "LCSC Part#"; Value = "C14267"; VariantName = "[No Variations]"
Add component (AddParameter): Name = "MFR Part #"; Value = "CH340G"; VariantName = "[No Variations]"
Add component (AddParameter): Name = "Type"; Value = "Basic"; VariantName = "[No Variations]"
Add component (AddParameter): Name = "Value"; Value = "USB to Serial"; VariantName = "[No Variations]"
Added Component: Designator=U2(ATMega328P)
Add component (AddParameter): Name = "Digikey Link"; Value = "https://www.digikey.com/product-detail/en/ATMEGA328P-ANR/ATMEGA328P-ANRCT-ND/2774230/?itemSeq=304982365"; VariantName = "[No Variations]"
Add component (AddParameter): Name = "LCSC Part#"; Value = "C14877"; VariantName = "[No Variations]"
Add component (AddParameter): Name = "MFR Part #"; Value = "ATMEGA328P-AU"; VariantName = "[No Variations]"
Add component (AddParameter): Name = "Type"; Value = "Basic"; VariantName = "[No Variations]"
Add component (AddParameter): Name = "Value"; Value = "IC MCU 8BIT 32KB FLASH 32TQFP"; VariantName = "[No Variations]"
Added Component: Designator=Y1(Crystal resonator)
Add component (AddParameter): Name = "Datasheet"; Value = "https://datasheet.lcsc.com/szlcsc/Yangxing-Tech-X322512MSB4SI_C9002.pdf"; VariantName = "[No Variations]"
Add component (AddParameter): Name = "LCSC Part#"; Value = "C9002"; VariantName = "[No Variations]"
Add component (AddParameter): Name = "MFR Part #"; Value = "X322512MSB4SI"; VariantName = "[No Variations]"
Add component (AddParameter): Name = "Type"; Value = "Basic"; VariantName = "[No Variations]"
Add component (AddParameter): Name = "Value"; Value = "12MHz"; VariantName = "[No Variations]"
Added Component: Designator=Y2(Crystal resonator)
Add component (AddParameter): Name = "LCSC Part#"; Value = "C13738"; VariantName = "[No Variations]"
Add component (AddParameter): Name = "MFR Part #"; Value = "X322516MLB4SI"; VariantName = "[No Variations]"
Add component (AddParameter): Name = "Type"; Value = "Basic"; VariantName = "[No Variations]"
Add component (AddParameter): Name = "Value"; Value = "16MHz"; VariantName = "[No Variations]"
Added Pin To Net: NetName=+5 Pin=C11-2
Added Pin To Net: NetName=+5 Pin=CS-2
Added Pin To Net: NetName=+5 Pin=D1-5
Added Pin To Net: NetName=+5 Pin=DS-1
Added Pin To Net: NetName=+5 Pin=JPWR-2
Added Pin To Net: NetName=+5 Pin=JPWR-5
Added Pin To Net: NetName=+5 Pin=JSPI-2
Added Pin To Net: NetName=+5 Pin=PS1-3
Added Pin To Net: NetName=+5 Pin=R3-1
Added Pin To Net: NetName=+5 Pin=SW328-1
Added Pin To Net: NetName=+5 Pin=SW340-1
Added Pin To Net: NetName=+5 Pin=SWPR-2
Added Pin To Net: NetName=+5 Pin=TP5V-1
Added Net: Name=+5
Added Pin To Net: NetName=12MHz_1 Pin=C2-2
Added Pin To Net: NetName=12MHz_1 Pin=R1-1
Added Pin To Net: NetName=12MHz_1 Pin=U1-7
Added Pin To Net: NetName=12MHz_1 Pin=Y1-1
Added Net: Name=12MHz_1
Added Pin To Net: NetName=12MHz_2 Pin=C3-2
Added Pin To Net: NetName=12MHz_2 Pin=R1-2
Added Pin To Net: NetName=12MHz_2 Pin=U1-8
Added Pin To Net: NetName=12MHz_2 Pin=Y1-3
Added Net: Name=12MHz_2
Added Pin To Net: NetName=16MHz_1 Pin=C4-2
Added Pin To Net: NetName=16MHz_1 Pin=R2-1
Added Pin To Net: NetName=16MHz_1 Pin=U2-7
Added Pin To Net: NetName=16MHz_1 Pin=Y2-1
Added Net: Name=16MHz_1
Added Pin To Net: NetName=16MHz_2 Pin=C5-2
Added Pin To Net: NetName=16MHz_2 Pin=R2-2
Added Pin To Net: NetName=16MHz_2 Pin=U2-8
Added Pin To Net: NetName=16MHz_2 Pin=Y2-3
Added Net: Name=16MHz_2
Added Pin To Net: NetName=340_DTR Pin=C7-2
Added Pin To Net: NetName=340_DTR Pin=C10-2
Added Pin To Net: NetName=340_DTR Pin=JPWR-3
Added Pin To Net: NetName=340_DTR Pin=JSPI-5
Added Pin To Net: NetName=340_DTR Pin=R3-2
Added Pin To Net: NetName=340_DTR Pin=SWRST-2
Added Pin To Net: NetName=340_DTR Pin=U2-29
Added Net: Name=340_DTR
Added Pin To Net: NetName=340_RX Pin=DTX-1
Added Pin To Net: NetName=340_RX Pin=JD-O1-7
Added Pin To Net: NetName=340_RX Pin=TPTX-1
Added Pin To Net: NetName=340_RX Pin=U1-3
Added Pin To Net: NetName=340_RX Pin=U2-31
Added Net: Name=340_RX
Added Pin To Net: NetName=340_TX Pin=DRX-1
Added Pin To Net: NetName=340_TX Pin=JD-O1-8
Added Pin To Net: NetName=340_TX Pin=TPRX-1
Added Pin To Net: NetName=340_TX Pin=U1-2
Added Pin To Net: NetName=340_TX Pin=U2-30
Added Net: Name=340_TX
Added Pin To Net: NetName=AREF Pin=C13-1
Added Pin To Net: NetName=AREF Pin=JD-O2-3
Added Pin To Net: NetName=AREF Pin=U2-20
Added Net: Name=AREF
Added Pin To Net: NetName=GND Pin=C1-1
Added Pin To Net: NetName=GND Pin=C2-1
Added Pin To Net: NetName=GND Pin=C3-1
Added Pin To Net: NetName=GND Pin=C4-1
Added Pin To Net: NetName=GND Pin=C5-1
Added Pin To Net: NetName=GND Pin=C6-1
Added Pin To Net: NetName=GND Pin=C8-1
Added Pin To Net: NetName=GND Pin=C9-2
Added Pin To Net: NetName=GND Pin=C10-1
Added Pin To Net: NetName=GND Pin=C11-1
Added Pin To Net: NetName=GND Pin=C12-1
Added Pin To Net: NetName=GND Pin=C13-2
Added Pin To Net: NetName=GND Pin=CS-1
Added Pin To Net: NetName=GND Pin=D1-2
Added Pin To Net: NetName=GND Pin=J1-5
Added Pin To Net: NetName=GND Pin=J1-S1
Added Pin To Net: NetName=GND Pin=J1-S2
Added Pin To Net: NetName=GND Pin=J1-S3
Added Pin To Net: NetName=GND Pin=J1-S4
Added Pin To Net: NetName=GND Pin=J1-S5
Added Pin To Net: NetName=GND Pin=J1-S6
Added Pin To Net: NetName=GND Pin=JD-O2-4
Added Pin To Net: NetName=GND Pin=JGND1-1
Added Pin To Net: NetName=GND Pin=JGND1-2
Added Pin To Net: NetName=GND Pin=JGND1-3
Added Pin To Net: NetName=GND Pin=JGND1-4
Added Pin To Net: NetName=GND Pin=JGND1-5
Added Pin To Net: NetName=GND Pin=JGND1-6
Added Pin To Net: NetName=GND Pin=JGND1-7
Added Pin To Net: NetName=GND Pin=JGND1-8
Added Pin To Net: NetName=GND Pin=JGND1-9
Added Pin To Net: NetName=GND Pin=JGND1-10
Added Pin To Net: NetName=GND Pin=JGND2-1
Added Pin To Net: NetName=GND Pin=JGND2-2
Added Pin To Net: NetName=GND Pin=JGND2-3
Added Pin To Net: NetName=GND Pin=JGND2-4
Added Pin To Net: NetName=GND Pin=JGND2-5
Added Pin To Net: NetName=GND Pin=JGND2-6
Added Pin To Net: NetName=GND Pin=JPWR-6
Added Pin To Net: NetName=GND Pin=JPWR-7
Added Pin To Net: NetName=GND Pin=JSPI-6
Added Pin To Net: NetName=GND Pin=P1-2
Added Pin To Net: NetName=GND Pin=P1-3
Added Pin To Net: NetName=GND Pin=PS1-1
Added Pin To Net: NetName=GND Pin=RRX-1
Added Pin To Net: NetName=GND Pin=RS-1
Added Pin To Net: NetName=GND Pin=RTX-1
Added Pin To Net: NetName=GND Pin=SWRST-3
Added Pin To Net: NetName=GND Pin=TP5V-2
Added Pin To Net: NetName=GND Pin=TP5V-2
Added Pin To Net: NetName=GND Pin=TP5V-2
Added Pin To Net: NetName=GND Pin=TPRX-2
Added Pin To Net: NetName=GND Pin=TPRX-2
Added Pin To Net: NetName=GND Pin=TPRX-2
Added Pin To Net: NetName=GND Pin=TPTX-2
Added Pin To Net: NetName=GND Pin=TPTX-2
Added Pin To Net: NetName=GND Pin=TPTX-2
Added Pin To Net: NetName=GND Pin=TPUSB+-2
Added Pin To Net: NetName=GND Pin=TPUSB+-2
Added Pin To Net: NetName=GND Pin=TPUSB+-2
Added Pin To Net: NetName=GND Pin=TPUSB--2
Added Pin To Net: NetName=GND Pin=TPUSB--2
Added Pin To Net: NetName=GND Pin=TPUSB--2
Added Pin To Net: NetName=GND Pin=U1-1
Added Pin To Net: NetName=GND Pin=U2-3
Added Pin To Net: NetName=GND Pin=U2-5
Added Pin To Net: NetName=GND Pin=U2-21
Added Pin To Net: NetName=GND Pin=Y1-2
Added Pin To Net: NetName=GND Pin=Y1-4
Added Pin To Net: NetName=GND Pin=Y2-2
Added Pin To Net: NetName=GND Pin=Y2-4
Added Net: Name=GND
Added Pin To Net: NetName=MISO Pin=JD-O2-6
Added Pin To Net: NetName=MISO Pin=JSPI-1
Added Pin To Net: NetName=MISO Pin=U2-16
Added Net: Name=MISO
Added Pin To Net: NetName=MOSI Pin=JD-O2-7
Added Pin To Net: NetName=MOSI Pin=JSPI-4
Added Pin To Net: NetName=MOSI Pin=U2-15
Added Net: Name=MOSI
Added Pin To Net: NetName=NetC1_2 Pin=C1-2
Added Pin To Net: NetName=NetC1_2 Pin=U1-4
Added Net: Name=NetC1_2
Added Pin To Net: NetName=NetC6_2 Pin=C6-2
Added Pin To Net: NetName=NetC6_2 Pin=SW340-2
Added Pin To Net: NetName=NetC6_2 Pin=U1-16
Added Net: Name=NetC6_2
Added Pin To Net: NetName=NetC7_1 Pin=C7-1
Added Pin To Net: NetName=NetC7_1 Pin=U1-13
Added Net: Name=NetC7_1
Added Pin To Net: NetName=NetC8_2 Pin=C8-2
Added Pin To Net: NetName=NetC8_2 Pin=L1-1
Added Pin To Net: NetName=NetC8_2 Pin=U2-18
Added Net: Name=NetC8_2
Added Pin To Net: NetName=NetC12_2 Pin=C12-2
Added Pin To Net: NetName=NetC12_2 Pin=JPWR-4
Added Pin To Net: NetName=NetC12_2 Pin=PS1-2
Added Pin To Net: NetName=NetC12_2 Pin=PS1-4
Added Net: Name=NetC12_2
Added Pin To Net: NetName=NetDRX_2 Pin=DRX-2
Added Pin To Net: NetName=NetDRX_2 Pin=RRX-2
Added Net: Name=NetDRX_2
Added Pin To Net: NetName=NetDS_2 Pin=DS-2
Added Pin To Net: NetName=NetDS_2 Pin=RS-2
Added Net: Name=NetDS_2
Added Pin To Net: NetName=NetDTX_2 Pin=DTX-2
Added Pin To Net: NetName=NetDTX_2 Pin=RTX-2
Added Net: Name=NetDTX_2
Added Pin To Net: NetName=NetJ1_1 Pin=J1-1
Added Pin To Net: NetName=NetJ1_1 Pin=SWPR-1
Added Net: Name=NetJ1_1
Added Pin To Net: NetName=NetJA-I_1 Pin=JA-I-1
Added Pin To Net: NetName=NetJA-I_1 Pin=U2-23
Added Net: Name=NetJA-I_1
Added Pin To Net: NetName=NetJA-I_2 Pin=JA-I-2
Added Pin To Net: NetName=NetJA-I_2 Pin=U2-24
Added Net: Name=NetJA-I_2
Added Pin To Net: NetName=NetJA-I_3 Pin=JA-I-3
Added Pin To Net: NetName=NetJA-I_3 Pin=U2-25
Added Net: Name=NetJA-I_3
Added Pin To Net: NetName=NetJA-I_4 Pin=JA-I-4
Added Pin To Net: NetName=NetJA-I_4 Pin=U2-26
Added Net: Name=NetJA-I_4
Added Pin To Net: NetName=NetJD-O1_1 Pin=JD-O1-1
Added Pin To Net: NetName=NetJD-O1_1 Pin=U2-11
Added Net: Name=NetJD-O1_1
Added Pin To Net: NetName=NetJD-O1_2 Pin=JD-O1-2
Added Pin To Net: NetName=NetJD-O1_2 Pin=U2-10
Added Net: Name=NetJD-O1_2
Added Pin To Net: NetName=NetJD-O1_3 Pin=JD-O1-3
Added Pin To Net: NetName=NetJD-O1_3 Pin=U2-9
Added Net: Name=NetJD-O1_3
Added Pin To Net: NetName=NetJD-O1_4 Pin=JD-O1-4
Added Pin To Net: NetName=NetJD-O1_4 Pin=U2-2
Added Net: Name=NetJD-O1_4
Added Pin To Net: NetName=NetJD-O1_5 Pin=JD-O1-5
Added Pin To Net: NetName=NetJD-O1_5 Pin=U2-1
Added Net: Name=NetJD-O1_5
Added Pin To Net: NetName=NetJD-O1_6 Pin=JD-O1-6
Added Pin To Net: NetName=NetJD-O1_6 Pin=U2-32
Added Net: Name=NetJD-O1_6
Added Pin To Net: NetName=NetJD-O2_8 Pin=JD-O2-8
Added Pin To Net: NetName=NetJD-O2_8 Pin=U2-14
Added Net: Name=NetJD-O2_8
Added Pin To Net: NetName=NetJD-O2_9 Pin=JD-O2-9
Added Pin To Net: NetName=NetJD-O2_9 Pin=U2-13
Added Net: Name=NetJD-O2_9
Added Pin To Net: NetName=NetJD-O2_10 Pin=JD-O2-10
Added Pin To Net: NetName=NetJD-O2_10 Pin=U2-12
Added Net: Name=NetJD-O2_10
Added Pin To Net: NetName=NetP1_1 Pin=P1-1
Added Pin To Net: NetName=NetP1_1 Pin=SWPR-3
Added Net: Name=NetP1_1
Added Pin To Net: NetName=SCK Pin=JD-O2-5
Added Pin To Net: NetName=SCK Pin=JSPI-3
Added Pin To Net: NetName=SCK Pin=U2-17
Added Net: Name=SCK
Added Pin To Net: NetName=SCL Pin=JA-I-6
Added Pin To Net: NetName=SCL Pin=JD-O2-1
Added Pin To Net: NetName=SCL Pin=U2-28
Added Net: Name=SCL
Added Pin To Net: NetName=SDA Pin=JA-I-5
Added Pin To Net: NetName=SDA Pin=JD-O2-2
Added Pin To Net: NetName=SDA Pin=U2-27
Added Net: Name=SDA
Added Pin To Net: NetName=USB_D+ Pin=D1-3
Added Pin To Net: NetName=USB_D+ Pin=J1-3
Added Pin To Net: NetName=USB_D+ Pin=TPUSB+-1
Added Pin To Net: NetName=USB_D+ Pin=U1-5
Added Net: Name=USB_D+
Added Pin To Net: NetName=USB_D- Pin=D1-1
Added Pin To Net: NetName=USB_D- Pin=J1-2
Added Pin To Net: NetName=USB_D- Pin=TPUSB--1
Added Pin To Net: NetName=USB_D- Pin=U1-6
Added Net: Name=USB_D-
Added Pin To Net: NetName=Vin Pin=C9-1
Added Pin To Net: NetName=Vin Pin=JPWR-8
Added Pin To Net: NetName=Vin Pin=L1-2
Added Pin To Net: NetName=Vin Pin=SW328-2
Added Pin To Net: NetName=Vin Pin=U2-4
Added Pin To Net: NetName=Vin Pin=U2-6
Added Net: Name=Vin
Added Class: Name=Microcontroller
Added Class: Name=Power
Added Rule: Name=Schematic Supply Nets
Added Rule: Name=Schematic Supply Nets_1
